<?xml version="1.0" encoding="UTF-8" ?>
<testsuite skipped="0" tests="1" failures="0" errors="0" name="com.paypal.AppTest" time="0.029">
  <properties>
    <property value="IBM Corporation" name="java.vendor"/>
    <property value="C:/Users/mthyagarajan/.m2/helix6" name="localRepository"/>
    <property value="SUN_STANDARD" name="sun.java.launcher"/>
    <property value="Windows Vista" name="os.name"/>
    <property value="C:\PPDES\PPDE_0.2.4\PPDE\java6-ibm-sr4ifx3-2009-06-22-windows\jre\lib\vm.jar;C:\PPDES\PPDE_0.2.4\PPDE\java6-ibm-sr4ifx3-2009-06-22-windows\jre\lib\annotation.jar;C:\PPDES\PPDE_0.2.4\PPDE\java6-ibm-sr4ifx3-2009-06-22-windows\jre\lib\beans.jar;C:\PPDES\PPDE_0.2.4\PPDE\java6-ibm-sr4ifx3-2009-06-22-windows\jre\lib\java.util.jar;C:\PPDES\PPDE_0.2.4\PPDE\java6-ibm-sr4ifx3-2009-06-22-windows\jre\lib\jndi.jar;C:\PPDES\PPDE_0.2.4\PPDE\java6-ibm-sr4ifx3-2009-06-22-windows\jre\lib\logging.jar;C:\PPDES\PPDE_0.2.4\PPDE\java6-ibm-sr4ifx3-2009-06-22-windows\jre\lib\security.jar;C:\PPDES\PPDE_0.2.4\PPDE\java6-ibm-sr4ifx3-2009-06-22-windows\jre\lib\sql.jar;C:\PPDES\PPDE_0.2.4\PPDE\java6-ibm-sr4ifx3-2009-06-22-windows\jre\lib\ibmorb.jar;C:\PPDES\PPDE_0.2.4\PPDE\java6-ibm-sr4ifx3-2009-06-22-windows\jre\lib\ibmorbapi.jar;C:\PPDES\PPDE_0.2.4\PPDE\java6-ibm-sr4ifx3-2009-06-22-windows\jre\lib\ibmcfw.jar;C:\PPDES\PPDE_0.2.4\PPDE\java6-ibm-sr4ifx3-2009-06-22-windows\jre\lib\rt.jar;C:\PPDES\PPDE_0.2.4\PPDE\java6-ibm-sr4ifx3-2009-06-22-windows\jre\lib\charsets.jar;C:\PPDES\PPDE_0.2.4\PPDE\java6-ibm-sr4ifx3-2009-06-22-windows\jre\lib\resources.jar;C:\PPDES\PPDE_0.2.4\PPDE\java6-ibm-sr4ifx3-2009-06-22-windows\jre\lib\ibmpkcs.jar;C:\PPDES\PPDE_0.2.4\PPDE\java6-ibm-sr4ifx3-2009-06-22-windows\jre\lib\ibmcertpathfw.jar;C:\PPDES\PPDE_0.2.4\PPDE\java6-ibm-sr4ifx3-2009-06-22-windows\jre\lib\ibmjgssfw.jar;C:\PPDES\PPDE_0.2.4\PPDE\java6-ibm-sr4ifx3-2009-06-22-windows\jre\lib\ibmjssefw.jar;C:\PPDES\PPDE_0.2.4\PPDE\java6-ibm-sr4ifx3-2009-06-22-windows\jre\lib\ibmsaslfw.jar;C:\PPDES\PPDE_0.2.4\PPDE\java6-ibm-sr4ifx3-2009-06-22-windows\jre\lib\ibmjcefw.jar;C:\PPDES\PPDE_0.2.4\PPDE\java6-ibm-sr4ifx3-2009-06-22-windows\jre\lib\ibmjgssprovider.jar;C:\PPDES\PPDE_0.2.4\PPDE\java6-ibm-sr4ifx3-2009-06-22-windows\jre\lib\ibmjsseprovider2.jar;C:\PPDES\PPDE_0.2.4\PPDE\java6-ibm-sr4ifx3-2009-06-22-windows\jre\lib\ibmcertpathprovider.jar;C:\PPDES\PPDE_0.2.4\PPDE\java6-ibm-sr4ifx3-2009-06-22-windows\jre\lib\ibmxmlcrypto.jar;C:\PPDES\PPDE_0.2.4\PPDE\java6-ibm-sr4ifx3-2009-06-22-windows\jre\lib\management-agent.jar;C:\PPDES\PPDE_0.2.4\PPDE\java6-ibm-sr4ifx3-2009-06-22-windows\jre\lib\xml.jar;C:\PPDES\PPDE_0.2.4\PPDE\java6-ibm-sr4ifx3-2009-06-22-windows\jre\lib\jlm.jar;C:\PPDES\PPDE_0.2.4\PPDE\java6-ibm-sr4ifx3-2009-06-22-windows\jre\lib\javascript.jar" name="sun.boot.class.path"/>
    <property value="" name="sun.java2d.fontpath"/>
    <property value="Sun Microsystems Inc." name="java.vm.specification.vendor"/>
    <property value="jvmwi3260sr4ifx-20090506_35012" name="java.runtime.version"/>
    <property value="mthyagarajan" name="user.name"/>
    <property value="j9jit24" name="java.compiler"/>
    <property value="UTF8" name="os.encoding"/>
    <property value="" name="com.ibm.util.extralibs.properties"/>
    <property value="" name="com.ibm.jcl.checkClassPath"/>
    <property value="en" name="user.language"/>
    <property value="C:\PPDES\PPDE_0.2.4\PPDE\java6-ibm-sr4ifx3-2009-06-22-windows\jre\bin" name="com.ibm.oti.vm.bootstrap.library.path"/>
    <property value="C:\PPDES\PPDE_0.2.4\PPDE\java6-ibm-sr4ifx3-2009-06-22-windows\jre\bin" name="sun.boot.library.path"/>
    <property value="1.6.0" name="java.version"/>
    <property value="" name="user.timezone"/>
    <property value="32" name="sun.arch.data.model"/>
    <property value="1" name="com.ibm.zero.version"/>
    <property value="C:\PPDES\PPDE_0.2.4\PPDE\java6-ibm-sr4ifx3-2009-06-22-windows\jre\lib\endorsed" name="java.endorsed.dirs"/>
    <property value="24" name="com.ibm.oti.vm.library.version"/>
    <property value="Cp1252" name="sun.jnu.encoding"/>
    <property value="14" name="jxe.current.romimage.version"/>
    <property value="\" name="file.separator"/>
    <property value="Java Platform API Specification" name="java.specification.name"/>
    <property value="50.0" name="java.class.version"/>
    <property value="US" name="user.country"/>
    <property value="C:\PPDES\PPDE_0.2.4\PPDE\java6-ibm-sr4ifx3-2009-06-22-windows\jre" name="java.home"/>
    <property value="J2RE 1.6.0 IBM J9 2.4 Windows Vista x86-32 jvmwi3260sr4ifx-20090506_35012 (JIT enabled, AOT enabled)
J9VM - 20090506_035012_lHdSMr
JIT  - r9_20090213_2028ifx2
GC   - 20090213_AA" name="java.vm.info"/>
    <property value="6.1 build 7601 Service Pack 1" name="os.version"/>
    <property value="C:\Users\MTHYAG~1\AppData\Local\Temp\surefirebooter2869971603837167571.jar" name="surefire.real.class.path"/>
    <property value="" name="java.awt.fonts"/>
    <property value=";" name="path.separator"/>
    <property value="2.4" name="java.vm.version"/>
    <property value="java.util.prefs.WindowsPreferencesFactory" name="java.util.prefs.PreferencesFactory"/>
    <property value="" name="user.variant"/>
    <property value="Cp437" name="console.encoding"/>
    <property value="sun.awt.windows.WPrinterJob" name="java.awt.printerjob"/>
    <property value="UnicodeLittle" name="sun.io.unicode.encoding"/>
    <property value="sun.awt.windows.WToolkit" name="awt.toolkit"/>
    <property value="true" name="ibm.signalhandling.sigint"/>
    <property value="ON" name="java.assistive"/>
    <property value="C:\Users\mthyagarajan" name="user.home"/>
    <property value="little" name="com.ibm.cpu.endian"/>
    <property value="Sun Microsystems Inc." name="java.specification.vendor"/>
    <property value="true" name="ibm.signalhandling.sigchain"/>
    <property value="C:\PPDES\PPDE_0.2.4\PPDE\java6-ibm-sr4ifx3-2009-06-22-windows\jre\bin;.;C:\oracle\home\product\11.2.0\client\bin;C:\Program Files\Teradata\Client\14.00\ODBC Driver for Teradata nt-x8664\Lib\;C:\Program Files (x86)\Teradata\Client\14.00\ODBC Driver for Teradata\Lib\;C:\Program Files\Teradata\Client\14.00\bin\;C:\Program Files (x86)\Teradata\Client\14.00\bin\;C:\Program Files\Teradata\Client\14.00\CLIv2\;C:\Program Files (x86)\Teradata\Client\14.00\CLIv2\;C:\Program Files\Teradata\Client\14.00\Shared ICU Libraries for Teradata\lib\;C:\Program Files (x86)\Teradata\Client\14.00\Shared ICU Libraries for Teradata\lib\;C:\PERL51001\Perl\site\bin;C:\PERL51001\Perl\bin;C:\WINDOWS\system32;C:\WINDOWS;C:\WINDOWS\System32\Wbem;C:\Program Files (x86)\Microsoft Application Virtualization Client;C:\Program Files (x86)\java\jre6\bin\;C:\Perl64\bin;C:\Program Files (x86)\Perforce;C:\Program Files (x86)\IBM\RationalSDLC\ClearCase\bin;C:\Program Files (x86)\IBM\RationalSDLC\common;C:\Program Files\Common Files\Hitachi ID\;C:\Program Files\TortoiseGit\bin;C:\Program Files (x86)\Git\cmd;C:\PPDES\ppde-helix-0.3.3\apache-maven-2.2.1\bin;%JAVA_HOME\bin;C:\WINDOWS\System32\WindowsPowerShell\v1.0\;C:\WINDOWS\System32\WindowsPowerShell\v1.0\;C:\Node\;C:\Program Files (x86)\Microsoft SQL Server\100\Tools\Binn\;C:\Program Files\Microsoft SQL Server\100\Tools\Binn\;C:\Program Files\Microsoft SQL Server\100\DTS\Binn\;C:\Program Files\Microsoft SQL Server\110\Tools\Binn\;C:\Program Files (x86)\Microsoft SDKs\TypeScript\1.0\;C:\Users\mthyagarajan\AppData\Roaming\npm" name="java.library.path"/>
    <property value="http://www.ibm.com/" name="java.vendor.url"/>
    <property value="IBM Corporation" name="java.vm.vendor"/>
    <property value="J2RE 1.6.0 IBM J9 2.4 Windows Vista x86-32 jvmwi3260sr4ifx-20090506_35012 (JIT enabled, AOT enabled)
J9VM - 20090506_035012_lHdSMr
JIT  - r9_20090213_2028ifx2
GC   - 20090213_AA" name="java.fullversion"/>
    <property value="Java(TM) SE Runtime Environment" name="java.runtime.name"/>
    <property value="C:\Users\MTHYAG~1\AppData\Local\Temp\surefirebooter2869971603837167571.jar C:\Users\MTHYAG~1\AppData\Local\Temp\surefire2003056672473844776tmp C:\Users\MTHYAG~1\AppData\Local\Temp\surefire7222915923492849542tmp" name="sun.java.command"/>
    <property value="C:\sampleWS\BugReminder\target\test-classes;C:\sampleWS\BugReminder\target\classes;C:\Users\mthyagarajan\.m2\helix6\junit\junit\3.8.1\junit-3.8.1.jar;C:\Users\mthyagarajan\.m2\helix6\com\sun\jersey\jersey-client\1.8\jersey-client-1.8.jar;C:\Users\mthyagarajan\.m2\helix6\com\sun\jersey\jersey-core\1.8\jersey-core-1.8.jar;C:\Users\mthyagarajan\.m2\helix6\org\json\json\20140107\json-20140107.jar;C:\Users\mthyagarajan\.m2\helix6\org\codehaus\jackson\jackson-mapper-asl\1.8.5\jackson-mapper-asl-1.8.5.jar;C:\Users\mthyagarajan\.m2\helix6\org\codehaus\jackson\jackson-core-asl\1.8.5\jackson-core-asl-1.8.5.jar;C:\Users\mthyagarajan\.m2\helix6\javax\mail\mail\1.4\mail-1.4.jar;C:\Users\mthyagarajan\.m2\helix6\javax\activation\activation\1.1\activation-1.1.jar;" name="java.class.path"/>
    <property value="Java Virtual Machine Specification" name="java.vm.specification.name"/>
    <property value="1.0" name="java.vm.specification.version"/>
    <property value="C:\sampleWS\BugReminder\target\test-classes;C:\sampleWS\BugReminder\target\classes;C:\Users\mthyagarajan\.m2\helix6\junit\junit\3.8.1\junit-3.8.1.jar;C:\Users\mthyagarajan\.m2\helix6\com\sun\jersey\jersey-client\1.8\jersey-client-1.8.jar;C:\Users\mthyagarajan\.m2\helix6\com\sun\jersey\jersey-core\1.8\jersey-core-1.8.jar;C:\Users\mthyagarajan\.m2\helix6\org\json\json\20140107\json-20140107.jar;C:\Users\mthyagarajan\.m2\helix6\org\codehaus\jackson\jackson-mapper-asl\1.8.5\jackson-mapper-asl-1.8.5.jar;C:\Users\mthyagarajan\.m2\helix6\org\codehaus\jackson\jackson-core-asl\1.8.5\jackson-core-asl-1.8.5.jar;C:\Users\mthyagarajan\.m2\helix6\javax\mail\mail\1.4\mail-1.4.jar;C:\Users\mthyagarajan\.m2\helix6\javax\activation\activation\1.1\activation-1.1.jar;" name="surefire.test.class.path"/>
    <property value="C:\Users\MTHYAG~1\AppData\Local\Temp\" name="java.io.tmpdir"/>
    <property value="20090218_01" name="java.jcl.version"/>
    <property value="Cp1252" name="ibm.system.encoding"/>
    <property value="x86" name="os.arch"/>
    <property value="sun.awt.Win32GraphicsEnvironment" name="java.awt.graphicsenv"/>
    <property value="false" name="ibm.signalhandling.rs"/>
    <property value="C:\PPDES\PPDE_0.2.4\PPDE\java6-ibm-sr4ifx3-2009-06-22-windows\jre\lib\ext" name="java.ext.dirs"/>
    <property value="C:\sampleWS\BugReminder" name="user.dir"/>
    <property value="
" name="line.separator"/>
    <property value="IBM J9 VM" name="java.vm.name"/>
    <property value="false" name="com.ibm.oti.shared.enabled"/>
    <property value="32" name="com.ibm.vm.bitmode"/>
    <property value="C:\sampleWS\BugReminder" name="basedir"/>
    <property value="14" name="jxe.lowest.romimage.version"/>
    <property value="Cp1252" name="file.encoding"/>
    <property value="20090121_0923" name="com.ibm.oti.jcl.build"/>
    <property value="1.6" name="java.specification.version"/>
    <property value="scar" name="com.ibm.oti.configuration"/>
  </properties>
  <testcase classname="com.paypal.AppTest" name="testApp" time="0.002"/>
</testsuite>